<?xml version="1.0" encoding="UTF-8" ?>
<testsuite tests="25" failures="0" name="StepDefinition.RunTest" time="149.978" errors="0" skipped="19">
  <properties>
[...]
</properties>
  <testcase classname="Scenario: Success logged in as normal user" name="Given User on the login page" time="0.006"/>
  <testcase classname="Scenario: Success logged in as normal user" name="When User fill username with &quot;standard_user&quot;" time="0.001"/>
  <testcase classname="Scenario: Success logged in as normal user" name="And User fill password with &quot;secret_sauce&quot;" time="0"/>
  <testcase classname="Scenario: Success logged in as normal user" name="And User click login button" time="0.001"/>
  <testcase classname="Scenario: Success logged in as normal user" name="Then User directed to inventory page" time="0.003">
    <skipped/>
  </testcase>
  <testcase classname="Scenario: Success logged in as normal user" name="Scenario: Success logged in as normal user" time="6.273">
    <skipped/>
  </testcase>
  <testcase classname="Scenario: Success logged in as normal user" name="Scenario: Success logged in as normal user" time="6.273"/>
  <testcase classname="Given User open the web page(Scenario: User will short item by Name (Z to A) and checkout)" name="Given User open the web page(Scenario: User will short item by Name " time="6.966">
    <skipped/>
    <system-out>
  Scenario: Success logged in as normal user     &amp;#27;[90m# features/Login.feature:5&amp;#27;[0m
    &amp;#27;[32mGiven &amp;#27;[0m&amp;#27;[32mUser on the login page&amp;#27;[0m                 &amp;#27;[90m# LoginStep.verifyLoginPage()&amp;#27;[0m
    &amp;#27;[32mWhen &amp;#27;[0m&amp;#27;[32mUser fill username with &quot;&amp;#27;[0m&amp;#27;[32m&amp;#27;[1mstandard_user&amp;#27;[0m&amp;#27;[32m&quot;&amp;#27;[0m &amp;#27;[90m# LoginStep.inputUsername(String)&amp;#27;[0m
    &amp;#27;[32mAnd &amp;#27;[0m&amp;#27;[32mUser fill password with &quot;&amp;#27;[0m&amp;#27;[32m&amp;#27;[1msecret_sauce&amp;#27;[0m&amp;#27;[32m&quot;&amp;#27;[0m   &amp;#27;[90m# LoginStep.inputPassword(String)&amp;#27;[0m
    &amp;#27;[32mAnd &amp;#27;[0m&amp;#27;[32mUser click login button&amp;#27;[0m                  &amp;#27;[90m# LoginStep.clickLoginButton()&amp;#27;[0m
    &amp;#27;[33mThen &amp;#27;[0m&amp;#27;[33mUser directed to inventory page&amp;#27;[0m
@Purchase
Feature: Purchase
</system-out>
    <system-err>Starting ChromeDriver 106.0.5249.61 (511755355844955cd3e264779baf0dd38212a4d0-refs/branch-heads/5249@{#569}) on port 59381
Only local connections are allowed.
Please see https://chromedriver.chromium.org/security-considerations for suggestions on keeping ChromeDriver safe.
ChromeDriver was started successfully.
[1667160800.527][WARNING]: This version of ChromeDriver has not been tested with Chrome version 107.
Oct 31, 2022 3:13:20 AM org.openqa.selenium.remote.ProtocolHandshake createSession
INFO: Detected dialect: W3C
Oct 31, 2022 3:13:20 AM org.openqa.selenium.devtools.CdpVersionFinder findNearestMatch
WARNING: Unable to find an exact match for CDP version 107, so returning the closest version found: a no-op implementation
Oct 31, 2022 3:13:20 AM org.openqa.selenium.devtools.CdpVersionFinder findNearestMatch
INFO: Unable to find CDP implementation matching 107.
Oct 31, 2022 3:13:20 AM org.openqa.selenium.chromium.ChromiumDriver lambda$new$3
WARNING: Unable to find version of CDP to use for . You may need to include a dependency on a specific version of the CDP using something similar to `org.seleniumhq.selenium:selenium-devtools-v86:4.1.2` where the version (&quot;v86&quot;) matches the version of the chromium-based browser you&apos;re using and the version number of the artifact is the same as Selenium&apos;s.
</system-err>
  </testcase>
  <testcase classname="When User fill username with &quot;standard_user&quot;(Scenario: User will short item by Name (Z to A) and checkout)" name="When User fill username with &quot;standard_user&quot;(Scenario: User will short item by Name " time="6.968">
    <skipped/>
  </testcase>
  <testcase classname="And User fill password with &quot;secret_sauce&quot;(Scenario: User will short item by Name (Z to A) and checkout)" name="And User fill password with &quot;secret_sauce&quot;(Scenario: User will short item by Name " time="6.969">
    <skipped/>
  </testcase>
  <testcase classname="And User click login button(Scenario: User will short item by Name (Z to A) and checkout)" name="And User click login button(Scenario: User will short item by Name " time="6.973">
    <skipped/>
  </testcase>
  <testcase classname="Then User sort product list by &quot;Name (Z to A)&quot;(Scenario: User will short item by Name (Z to A) and checkout)" name="Then User sort product list by &quot;Name (Z to A)&quot;(Scenario: User will short item by Name " time="6.974">
    <skipped/>
  </testcase>
  <testcase classname="And User add product(Scenario: User will short item by Name (Z to A) and checkout)" name="And User add product(Scenario: User will short item by Name " time="6.976">
    <skipped/>
  </testcase>
  <testcase classname="Then User see add 1 product(Scenario: User will short item by Name (Z to A) and checkout)" name="Then User see add 1 product(Scenario: User will short item by Name " time="6.977">
    <skipped/>
  </testcase>
  <testcase classname="Then User remove product(Scenario: User will short item by Name (Z to A) and checkout)" name="Then User remove product(Scenario: User will short item by Name " time="6.978">
    <skipped/>
  </testcase>
  <testcase classname="And User checkout the item(Scenario: User will short item by Name (Z to A) and checkout)" name="And User checkout the item(Scenario: User will short item by Name " time="6.981">
    <skipped/>
  </testcase>
  <testcase classname="Then User fill &quot;ahmad&quot; as firstname, &quot;fathoni&quot; as lastname and &quot;65145&quot; as postal code(Scenario: User will short item by Name (Z to A) and checkout)" name="Then User fill &quot;ahmad&quot; as firstname, &quot;fathoni&quot; as lastname and &quot;65145&quot; as postal code(Scenario: User will short item by Name " time="6.983">
    <skipped/>
  </testcase>
  <testcase classname="And User click continue(Scenario: User will short item by Name (Z to A) and checkout)" name="And User click continue(Scenario: User will short item by Name " time="6.984">
    <skipped/>
  </testcase>
  <testcase classname="Then User will see expected Item total &quot;Item total: $7.99&quot;(Scenario: User will short item by Name (Z to A) and checkout)" name="Then User will see expected Item total &quot;Item total: $7.99&quot;(Scenario: User will short item by Name " time="6.985">
    <skipped/>
  </testcase>
  <testcase classname="And expected Tax &quot;Tax: $0.64&quot;(Scenario: User will short item by Name (Z to A) and checkout)" name="And expected Tax &quot;Tax: $0.64&quot;(Scenario: User will short item by Name " time="6.987">
    <skipped/>
  </testcase>
  <testcase classname="And expected Total &quot;Total: $8.63&quot;(Scenario: User will short item by Name (Z to A) and checkout)" name="And expected Total &quot;Total: $8.63&quot;(Scenario: User will short item by Name " time="6.989">
    <skipped/>
  </testcase>
  <testcase classname="Then User click finish button(Scenario: User will short item by Name (Z to A) and checkout)" name="Then User click finish button(Scenario: User will short item by Name " time="6.991">
    <skipped/>
  </testcase>
  <testcase classname="Then User see &quot;THANK YOU FOR YOUR ORDER&quot;(Scenario: User will short item by Name (Z to A) and checkout)" name="Then User see &quot;THANK YOU FOR YOUR ORDER&quot;(Scenario: User will short item by Name " time="6.993">
    <skipped/>
  </testcase>
  <testcase classname="Scenario: User will short item by Name (Z to A) and checkout" name="Scenario: User will short item by Name " time="12.873">
    <skipped/>
  </testcase>
  <testcase classname="Scenario: User will short item by Name (Z to A) and checkout" name="Scenario: User will short item by Name " time="12.874"/>
</testsuite>